[debug] ----------------------------------------------------------------------
[debug] Command:      /home/ubuntu/.nvm/versions/node/v4.7.3/bin/node /home/ubuntu/.nvm/versions/node/v4.7.3/bin/firebase serve
[debug] CLI Version:  3.5.0
[debug] Platform:     linux
[debug] Node Version: v4.7.3
[debug] Time:         Thu Mar 23 2017 03:51:43 GMT+0000 (UTC)
[debug] ----------------------------------------------------------------------
[debug] 
[info] Starting Firebase development server...
[info] 
[info] Project Directory: /home/ubuntu/workspace
[debug] TypeError: Cannot read property 'public' of undefined
    at Server.<anonymous> (/home/ubuntu/.nvm/versions/node/v4.7.3/lib/node_modules/firebase-tools/commands/serve.js:26:15)
    at Server.g (events.js:260:16)
    at emitNone (events.js:67:13)
    at Server.emit (events.js:166:7)
    at emitListeningNT (net.js:1276:10)
    at nextTickCallbackWith1Arg (node.js:447:9)
    at process._tickCallback (node.js:369:17)
[error] 
[error] Error: An unexpected error has occurred.
[debug] ----------------------------------------------------------------------
[debug] Command:      /home/ubuntu/.nvm/versions/node/v4.7.3/bin/node /home/ubuntu/.nvm/versions/node/v4.7.3/bin/firebase serve
[debug] CLI Version:  3.5.0
[debug] Platform:     linux
[debug] Node Version: v4.7.3
[debug] Time:         Thu Mar 23 2017 03:52:01 GMT+0000 (UTC)
[debug] ----------------------------------------------------------------------
[debug] 
[info] Starting Firebase development server...
[info] 
[info] Project Directory: /home/ubuntu/workspace
[debug] TypeError: Cannot read property 'public' of undefined
    at Server.<anonymous> (/home/ubuntu/.nvm/versions/node/v4.7.3/lib/node_modules/firebase-tools/commands/serve.js:26:15)
    at Server.g (events.js:260:16)
    at emitNone (events.js:67:13)
    at Server.emit (events.js:166:7)
    at emitListeningNT (net.js:1276:10)
    at nextTickCallbackWith1Arg (node.js:447:9)
    at process._tickCallback (node.js:369:17)
[error] 
[error] Error: An unexpected error has occurred.
